<?xml version="1.0" encoding="UTF-8"?>
<!-- Generated by org.testng.reporters.JUnitXMLReporter -->
<testsuite hostname="LAPTOP-RB3FROOF" ignored="0" name="Default test" tests="3" failures="0" timestamp="2022-08-29T13:56:39 IST" time="0.075" errors="0">
  <testcase name="loginActiTime" time="0.013" classname="testngpack.ActitmeTest"/>
  <testcase name="createUserActiTime" time="0.002" classname="testngpack.ActitmeTest"/>
  <testcase name="logoutActiTime" time="0.009" classname="testngpack.ActitmeTest"/>
</testsuite> <!-- Default test -->
